<?xml version="1.0" encoding="utf-8"?><testsuites name="pytest tests"><testsuite name="pytest" errors="0" failures="0" skipped="0" tests="35" time="1.336" timestamp="2026-09-09T11:45:39.171519-06:00" hostname="Acero"><testcase classname="tests.test_protocol" name="test_zero_genesis_no_treasury" time="0.002" /><testcase classname="tests.test_protocol" name="test_strict_amounts[True]" time="0.000" /><testcase classname="tests.test_protocol" name="test_strict_amounts[1.0]" time="0.000" /><testcase classname="tests.test_protocol" name="test_strict_amounts[1]" time="0.000" /><testcase classname="tests.test_protocol" name="test_strict_amounts[-1]" time="0.000" /><testcase classname="tests.test_protocol" name="test_strict_amounts[0]" time="0.000" /><testcase classname="tests.test_protocol" name="test_strict_amounts[100000000000001]" time="0.000" /><testcase classname="tests.test_protocol" name="test_limits_one_minimal_unit" time="0.000" /><testcase classname="tests.test_protocol" name="test_weighted_conservation_properties" time="0.015" /><testcase classname="tests.test_protocol" name="test_success_locked_finalized_transfer" time="0.003" /><testcase classname="tests.test_protocol" name="test_disagree_no_issuance[REJECTED]" time="0.002" /><testcase classname="tests.test_protocol" name="test_disagree_no_issuance[REQUIRES_REVISION]" time="0.002" /><testcase classname="tests.test_protocol" name="test_disagree_no_issuance[INSUFFICIENT_EVIDENCE]" time="0.002" /><testcase classname="tests.test_protocol" name="test_forged_single_and_early_reveal" time="0.001" /><testcase classname="tests.test_protocol" name="test_signature_replay_cross_chain_atomic" time="0.002" /><testcase classname="tests.test_protocol" name="test_authorization_replay_new_id_same_research" time="0.003" /><testcase classname="tests.test_protocol" name="test_day364_pauses_does_not_reset[REJECT]" time="0.003" /><testcase classname="tests.test_protocol" name="test_day364_pauses_does_not_reset[MINOR]" time="0.003" /><testcase classname="tests.test_protocol" name="test_material_resets_new_candidate_lifetime_cap" time="0.004" /><testcase classname="tests.test_protocol" name="test_unadmitted_hash_only_challenge_does_not_block" time="0.002" /><testcase classname="tests.test_protocol" name="test_invalid_challenge_does_not_reset" time="0.002" /><testcase classname="tests.test_protocol" name="test_double_spend_atomic" time="0.002" /><testcase classname="tests.test_protocol" name="test_two_rewards_cap_atomic" time="0.003" /><testcase classname="tests.test_protocol" name="test_journal_restart_and_tamper" time="0.013" /><testcase classname="tests.test_protocol" name="test_concurrent_store_commit_only_once" time="0.009" /><testcase classname="tests.test_protocol" name="test_encrypted_wallet" time="0.002" /><testcase classname="tests.test_protocol" name="test_deterministic_genesis_manifest_and_no_recognition" time="0.020" /><testcase classname="tests.test_protocol" name="test_merkle_count_unambiguous" time="0.000" /><testcase classname="tests.test_protocol" name="test_deep_json_and_duplicate_encoding_rejected" time="0.011" /><testcase classname="tests.test_protocol" name="test_abci_survives_nested_input_and_rejects_wrong_consensus" time="0.512" /><testcase classname="tests.test_protocol" name="test_wrong_decision_signer_and_cross_candidate" time="0.002" /><testcase classname="tests.test_protocol" name="test_model_simulations_conserve_caps" time="0.667" /><testcase classname="tests.test_protocol" name="test_agora_bridge_reuses_verified_package_and_never_submits" time="0.002" /><testcase classname="tests.test_protocol" name="test_conflicting_height_and_backward_time_rejected" time="0.001" /><testcase classname="tests.test_protocol" name="test_conflicting_ownership_and_arbitrary_amount_rejected" time="0.003" /></testsuite></testsuites>